[2021-12-14 01:10:59.116] [info] Loaded marker file motion_capture_run.trc (42 markers, 510 frames)
[2021-12-14 01:10:59.149] [info] Updating Model file from 30000 to latest format...
[2021-12-14 01:10:59.207] [info] Loaded model subject_scale_run from file subject_scaled_run.osim
[2021-12-14 01:10:59.208] [warning] Couldn't find file 'r_pelvis.vtp'.
[2021-12-14 01:10:59.208] [warning] Couldn't find file 'l_pelvis.vtp'.
[2021-12-14 01:10:59.208] [warning] Couldn't find file 'sacrum.vtp'.
[2021-12-14 01:10:59.209] [warning] Couldn't find file 'r_femur.vtp'.
[2021-12-14 01:10:59.209] [warning] Couldn't find file 'r_tibia.vtp'.
[2021-12-14 01:10:59.209] [warning] Couldn't find file 'r_fibula.vtp'.
[2021-12-14 01:10:59.209] [warning] Couldn't find file 'r_patella.vtp'.
[2021-12-14 01:10:59.209] [warning] Couldn't find file 'r_talus.vtp'.
[2021-12-14 01:10:59.209] [warning] Couldn't find file 'r_foot.vtp'.
[2021-12-14 01:10:59.209] [warning] Couldn't find file 'r_bofoot.vtp'.
[2021-12-14 01:10:59.209] [warning] Couldn't find file 'l_femur.vtp'.
[2021-12-14 01:10:59.209] [warning] Couldn't find file 'l_tibia.vtp'.
[2021-12-14 01:10:59.210] [warning] Couldn't find file 'l_fibula.vtp'.
[2021-12-14 01:10:59.210] [warning] Couldn't find file 'l_pat.vtp'.
[2021-12-14 01:10:59.210] [warning] Couldn't find file 'l_talus.vtp'.
[2021-12-14 01:10:59.210] [warning] Couldn't find file 'l_foot.vtp'.
[2021-12-14 01:10:59.210] [warning] Couldn't find file 'l_bofoot.vtp'.
[2021-12-14 01:10:59.210] [warning] Couldn't find file 'hat_spine.vtp'.
[2021-12-14 01:10:59.210] [warning] Couldn't find file 'hat_jaw.vtp'.
[2021-12-14 01:10:59.210] [warning] Couldn't find file 'hat_skull.vtp'.
[2021-12-14 01:10:59.210] [warning] Couldn't find file 'hat_ribs_scap.vtp'.
[2021-12-14 01:10:59.210] [warning] Couldn't find file 'humerus_rv.vtp'.
[2021-12-14 01:10:59.210] [warning] Couldn't find file 'ulna_rv.vtp'.
[2021-12-14 01:10:59.211] [warning] Couldn't find file 'radius_rv.vtp'.
[2021-12-14 01:10:59.211] [warning] Couldn't find file 'pisiform_rvs.vtp'.
[2021-12-14 01:10:59.211] [warning] Couldn't find file 'lunate_rvs.vtp'.
[2021-12-14 01:10:59.211] [warning] Couldn't find file 'scaphoid_rvs.vtp'.
[2021-12-14 01:10:59.211] [warning] Couldn't find file 'triquetrum_rvs.vtp'.
[2021-12-14 01:10:59.211] [warning] Couldn't find file 'hamate_rvs.vtp'.
[2021-12-14 01:10:59.211] [warning] Couldn't find file 'capitate_rvs.vtp'.
[2021-12-14 01:10:59.211] [warning] Couldn't find file 'trapezoid_rvs.vtp'.
[2021-12-14 01:10:59.211] [warning] Couldn't find file 'trapezium_rvs.vtp'.
[2021-12-14 01:10:59.211] [warning] Couldn't find file 'metacarpal2_rvs.vtp'.
[2021-12-14 01:10:59.211] [warning] Couldn't find file 'index_proximal_rvs.vtp'.
[2021-12-14 01:10:59.212] [warning] Couldn't find file 'index_medial_rvs.vtp'.
[2021-12-14 01:10:59.212] [warning] Couldn't find file 'index_distal_rvs.vtp'.
[2021-12-14 01:10:59.212] [warning] Couldn't find file 'metacarpal3_rvs.vtp'.
[2021-12-14 01:10:59.212] [warning] Couldn't find file 'middle_proximal_rvs.vtp'.
[2021-12-14 01:10:59.212] [warning] Couldn't find file 'middle_medial_rvs.vtp'.
[2021-12-14 01:10:59.212] [warning] Couldn't find file 'middle_distal_rvs.vtp'.
[2021-12-14 01:10:59.212] [warning] Couldn't find file 'metacarpal4_rvs.vtp'.
[2021-12-14 01:10:59.212] [warning] Couldn't find file 'ring_proximal_rvs.vtp'.
[2021-12-14 01:10:59.212] [warning] Couldn't find file 'ring_medial_rvs.vtp'.
[2021-12-14 01:10:59.212] [warning] Couldn't find file 'ring_distal_rvs.vtp'.
[2021-12-14 01:10:59.212] [warning] Couldn't find file 'metacarpal5_rvs.vtp'.
[2021-12-14 01:10:59.212] [warning] Couldn't find file 'little_proximal_rvs.vtp'.
[2021-12-14 01:10:59.212] [warning] Couldn't find file 'little_medial_rvs.vtp'.
[2021-12-14 01:10:59.213] [warning] Couldn't find file 'little_distal_rvs.vtp'.
[2021-12-14 01:10:59.213] [warning] Couldn't find file 'metacarpal1_rvs.vtp'.
[2021-12-14 01:10:59.213] [warning] Couldn't find file 'thumb_proximal_rvs.vtp'.
[2021-12-14 01:10:59.213] [warning] Couldn't find file 'thumb_distal_rvs.vtp'.
[2021-12-14 01:10:59.213] [warning] Couldn't find file 'humerus_lv.vtp'.
[2021-12-14 01:10:59.213] [warning] Couldn't find file 'ulna_lv.vtp'.
[2021-12-14 01:10:59.213] [warning] Couldn't find file 'radius_lv.vtp'.
[2021-12-14 01:10:59.213] [warning] Couldn't find file 'pisiform_lvs.vtp'.
[2021-12-14 01:10:59.213] [warning] Couldn't find file 'lunate_lvs.vtp'.
[2021-12-14 01:10:59.213] [warning] Couldn't find file 'scaphoid_lvs.vtp'.
[2021-12-14 01:10:59.213] [warning] Couldn't find file 'triquetrum_lvs.vtp'.
[2021-12-14 01:10:59.214] [warning] Couldn't find file 'hamate_lvs.vtp'.
[2021-12-14 01:10:59.214] [warning] Couldn't find file 'capitate_lvs.vtp'.
[2021-12-14 01:10:59.214] [warning] Couldn't find file 'trapezoid_lvs.vtp'.
[2021-12-14 01:10:59.214] [warning] Couldn't find file 'trapezium_lvs.vtp'.
[2021-12-14 01:10:59.214] [warning] Couldn't find file 'metacarpal2_lvs.vtp'.
[2021-12-14 01:10:59.214] [warning] Couldn't find file 'index_proximal_lvs.vtp'.
[2021-12-14 01:10:59.214] [warning] Couldn't find file 'index_medial_lvs.vtp'.
[2021-12-14 01:10:59.214] [warning] Couldn't find file 'index_distal_lvs.vtp'.
[2021-12-14 01:10:59.214] [warning] Couldn't find file 'metacarpal3_lvs.vtp'.
[2021-12-14 01:10:59.214] [warning] Couldn't find file 'middle_proximal_lvs.vtp'.
[2021-12-14 01:10:59.214] [warning] Couldn't find file 'middle_medial_lvs.vtp'.
[2021-12-14 01:10:59.214] [warning] Couldn't find file 'middle_distal_lvs.vtp'.
[2021-12-14 01:10:59.215] [warning] Couldn't find file 'metacarpal4_lvs.vtp'.
[2021-12-14 01:10:59.215] [warning] Couldn't find file 'ring_proximal_lvs.vtp'.
[2021-12-14 01:10:59.215] [warning] Couldn't find file 'ring_medial_lvs.vtp'.
[2021-12-14 01:10:59.215] [warning] Couldn't find file 'ring_distal_lvs.vtp'.
[2021-12-14 01:10:59.215] [warning] Couldn't find file 'metacarpal5_lvs.vtp'.
[2021-12-14 01:10:59.215] [warning] Couldn't find file 'little_proximal_lvs.vtp'.
[2021-12-14 01:10:59.215] [warning] Couldn't find file 'little_medial_lvs.vtp'.
[2021-12-14 01:10:59.215] [warning] Couldn't find file 'little_distal_lvs.vtp'.
[2021-12-14 01:10:59.215] [warning] Couldn't find file 'metacarpal1_lvs.vtp'.
[2021-12-14 01:10:59.215] [warning] Couldn't find file 'thumb_proximal_lvs.vtp'.
[2021-12-14 01:10:59.215] [warning] Couldn't find file 'thumb_distal_lvs.vtp'.
[2021-12-14 01:10:59.318] [cout] [info] 
               MODEL: subject_scale_run
         coordinates: 39
              forces: 97
           actuators: 97
             muscles: 80
            analyses: 0
              probes: 0
              bodies: 22
              joints: 22
         constraints: 2
             markers: 64
         controllers: 0
  contact geometries: 0
misc modelcomponents: 0
[2021-12-14 01:10:59.318] [info] Running tool motion_capture_run.
[2021-12-14 01:11:09.003] [info] InverseKinematicsTool completed 510 frames in 10 second(s).
